<?xml version="1.0" encoding="UTF-8"?>
<testng-results ignored="0" total="1" passed="1" failed="0" skipped="0">
  <reporter-output>
  </reporter-output>
  <suite started-at="2021-09-01T12:52:07 GMT+05:00" name="Default suite" finished-at="2021-09-01T12:52:10 GMT+05:00" duration-ms="3379">
    <groups>
    </groups>
    <test started-at="2021-09-01T12:52:07 GMT+05:00" name="Default test" finished-at="2021-09-01T12:52:10 GMT+05:00" duration-ms="3379">
      <class name="RestAssuredLearn._Delete">
        <test-method is-config="true" signature="beforeMethod()[pri:0, instance:RestAssuredLearn._Delete@72cde7cc]" started-at="2021-09-01T12:52:07 GMT+05:00" name="beforeMethod" finished-at="2021-09-01T12:52:08 GMT+05:00" duration-ms="865" status="PASS">
          <reporter-output>
          </reporter-output>
        </test-method> <!-- beforeMethod -->
        <test-method signature="delete()[pri:0, instance:RestAssuredLearn._Delete@72cde7cc]" started-at="2021-09-01T12:52:08 GMT+05:00" name="delete" finished-at="2021-09-01T12:52:10 GMT+05:00" duration-ms="2462" status="PASS">
          <reporter-output>
          </reporter-output>
        </test-method> <!-- delete -->
      </class> <!-- RestAssuredLearn._Delete -->
    </test> <!-- Default test -->
  </suite> <!-- Default suite -->
</testng-results>
